<?xml version="1.0" encoding="UTF-8"?>
<testng-results skipped="0" failed="0" ignored="0" total="1" passed="1">
  <reporter-output>
  </reporter-output>
  <suite name="Default suite" duration-ms="43809" started-at="2018-09-20T06:23:42Z" finished-at="2018-09-20T06:24:25Z">
    <groups>
    </groups>
    <test name="Default test" duration-ms="43809" started-at="2018-09-20T06:23:42Z" finished-at="2018-09-20T06:24:25Z">
      <class name="TestJetCart">
        <test-method status="PASS" signature="beforeClass()[pri:0, instance:TestJetCart@724af044]" name="beforeClass" is-config="true" duration-ms="4342" started-at="2018-09-20T06:23:42Z" finished-at="2018-09-20T06:23:46Z">
          <reporter-output>
          </reporter-output>
        </test-method> <!-- beforeClass -->
        <test-method status="PASS" signature="validateCart()[pri:0, instance:TestJetCart@724af044]" name="validateCart" duration-ms="37933" started-at="2018-09-20T06:23:46Z" finished-at="2018-09-20T06:24:24Z">
          <reporter-output>
          </reporter-output>
        </test-method> <!-- validateCart -->
        <test-method status="PASS" signature="afterClass()[pri:0, instance:TestJetCart@724af044]" name="afterClass" is-config="true" duration-ms="1488" started-at="2018-09-20T06:24:24Z" finished-at="2018-09-20T06:24:25Z">
          <reporter-output>
          </reporter-output>
        </test-method> <!-- afterClass -->
      </class> <!-- TestJetCart -->
    </test> <!-- Default test -->
  </suite> <!-- Default suite -->
</testng-results>
